<?xml version="1.0" encoding="UTF-8"?>
<!-- Generated by org.testng.reporters.JUnitXMLReporter -->
<testsuite hostname="win8-40" ignored="0" name="Default test" tests="3" failures="0" timestamp="27 十一月 2018 09:47:27 GMT" time="0.422" errors="0">
  <testcase name="getBeiJing_Succ" time="0.25" classname="weather.WeatherTest"/>
  <testcase name="getShangHai_Succ" time="0.062" classname="weather.WeatherTest"/>
  <testcase name="getShenZhen_Succ" time="0.047" classname="weather.WeatherTest"/>
</testsuite> <!-- Default test -->
